<?xml version="1.0" encoding="UTF-8"?>
<!-- Generated by org.testng.reporters.JUnitReportReporter -->
<testsuite hostname="km44-Server" failures="0" tests="1" name="DemoTest" time="1.746" errors="0" timestamp="2022-08-19T13:53:46 ART" skipped="0">
  <testcase classname="DemoTest" name="testGetUsers" time="1.746"/>
</testsuite> <!-- DemoTest -->
