<?xml version="1.0" encoding="UTF-8"?>
<!-- Generated by org.testng.reporters.JUnitReportReporter -->
<testsuite hostname="km44-Server" failures="0" tests="3" name="ApiTest" time="4.572" errors="0" timestamp="2022-08-22T13:09:13 ART" skipped="0">
  <testcase classname="ApiTest" name="testPetPost" time="2.582"/>
  <testcase classname="ApiTest" name="testPetsPut" time="0.993"/>
  <testcase classname="ApiTest" name="testPetsGet" time="0.997"/>
</testsuite> <!-- ApiTest -->
