<?xml version="1.0" encoding="UTF-8"?>
<!-- Generated by org.testng.reporters.JUnitReportReporter -->
<testsuite hostname="km44-Server" failures="0" tests="1" name="MyTest" time="1.975" errors="0" timestamp="2022-08-19T16:16:36 ART" skipped="0">
  <testcase classname="MyTest" name="testGetPets" time="1.975"/>
</testsuite> <!-- MyTest -->
