<?xml version="1.0" encoding="UTF-8"?>
<!-- Generated by org.testng.reporters.JUnitReportReporter -->
<testsuite hostname="km44-Server" failures="0" tests="2" name="ApiTest" time="3.278" errors="0" timestamp="2022-08-19T16:38:41 ART" skipped="0">
  <testcase classname="ApiTest" name="testPetsGet" time="0.921"/>
  <testcase classname="ApiTest" name="testPetPost" time="2.357"/>
</testsuite> <!-- ApiTest -->
