<?xml version="1.0" encoding="UTF-8"?>
<!-- Generated by org.testng.reporters.JUnitReportReporter -->
<testsuite hostname="km44-Server" failures="0" tests="2" name="DemoTest" time="1.261" errors="0" timestamp="2022-08-19T14:01:25 ART" skipped="0">
  <testcase classname="DemoTest" name="testPostUsers" time="0.079"/>
  <testcase classname="DemoTest" name="testGetUsers" time="1.182"/>
</testsuite> <!-- DemoTest -->
